<?xml version="1.0" encoding="UTF-8"?>
<!-- Generated by org.testng.reporters.JUnitReportReporter -->
<testsuite hostname="DESKTOP-CCOB8ID" failures="0" tests="1" name="JDBC.JD_FETCH" time="0.945" errors="0" timestamp="2023-08-20T13:39:53 IST" skipped="0">
  <testcase classname="JDBC.JD_FETCH" name="fetch_jdbc" time="0.945"/>
</testsuite> <!-- JDBC.JD_FETCH -->
