<?xml version="1.0" encoding="UTF-8"?>
<!-- Generated by org.testng.reporters.JUnitReportReporter -->
<testsuite hostname="DESKTOP-CCOB8ID" failures="0" tests="2" name="TNG.TestNG" time="0.021" errors="0" timestamp="2023-08-20T13:41:22 IST" skipped="0">
  <testcase classname="TNG.TestNG" name="lion" time="0.006">
    <system-out>
      <![CDATA[Hello]]>
    </system-out>
  </testcase> <!-- lion -->
  <testcase classname="TNG.TestNG" name="lion" time="0.015">
    <system-out>
      <![CDATA[Hello]]>
    </system-out>
  </testcase> <!-- lion -->
  <system-out>
    <![CDATA[Hello
Hello]]>
  </system-out>
</testsuite> <!-- TNG.TestNG -->
