<?xml version="1.0" encoding="UTF-8"?>
<!-- Generated by org.testng.reporters.JUnitReportReporter -->
<testsuite hostname="DESKTOP-CCOB8ID" failures="0" tests="1" name="Extentreport.generate_report" time="0.850" errors="0" timestamp="2023-08-20T13:58:35 IST" skipped="0">
  <testcase classname="Extentreport.generate_report" name="runy" time="0.850"/>
</testsuite> <!-- Extentreport.generate_report -->
