<?xml version="1.0" encoding="UTF-8"?>
<!-- Generated by org.testng.reporters.JUnitReportReporter -->
<testsuite hostname="DESKTOP-CCOB8ID" failures="0" tests="1" name="DDT.testrunner" time="27.878" errors="0" timestamp="2023-08-26T15:23:19 IST" skipped="0">
  <testcase classname="DDT.testrunner" name="facebook" time="27.878"/>
</testsuite> <!-- DDT.testrunner -->
